# JRE version: OpenJDK Runtime Environment (21.0.7) (build 21.0.7+-13880790-b1038.58)
# Java VM: OpenJDK 64-Bit Server VM (21.0.7+-13880790-b1038.58, mixed mode, tiered, compressed oops, compressed class ptrs, g1 gc, windows-amd64)
GC Precious Log:
 CardTable entry size: 512
 Card Set container configuration: InlinePtr #cards 5 size 8 Array Of Cards #cards 12 size 40 Howl #buckets 4 coarsen threshold 1843 Howl Bitmap #cards 512 size 80 coarsen threshold 460 Card regions per heap region 1 cards per card region 2048
 CPUs: 4 total, 4 available
 Memory: 16125M
 Large Page Support: Disabled
 NUMA Support: Disabled
 Compressed Oops: Enabled (32-bit)
 Heap Region Size: 1M
 Heap Min Capacity: 8M
 Heap Initial Capacity: 252M
 Heap Max Capacity: 2G
 Pre-touch: Disabled
 Parallel Workers: 4
 Concurrent Workers: 1
 Concurrent Refinement Workers: 4
 Periodic GC: Disabled
Heap:
 garbage-first heap   total 352256K, used 313067K [0x0000000080000000, 0x0000000100000000)
  region size 1024K, 76 young (77824K), 3 survivors (3072K)
 Metaspace       used 163916K, committed 166464K, reserved 1245184K
  class space    used 22100K, committed 23424K, reserved 1048576K
GC Heap History (20 events):
Event: 23.299 GC heap before
{Heap before GC invocations=55 (full 0):
 garbage-first heap   total 218112K, used 195092K [0x0000000080000000, 0x0000000100000000)
  region size 1024K, 74 young (75776K), 6 survivors (6144K)
 Metaspace       used 132903K, committed 135296K, reserved 1179648K
  class space    used 18133K, committed 19328K, reserved 1048576K
}
Event: 23.307 GC heap after
{Heap after GC invocations=56 (full 0):
 garbage-first heap   total 218112K, used 129871K [0x0000000080000000, 0x0000000100000000)
  region size 1024K, 6 young (6144K), 6 survivors (6144K)
 Metaspace       used 132903K, committed 135296K, reserved 1179648K
  class space    used 18133K, committed 19328K, reserved 1048576K
}
Event: 34.298 GC heap before
{Heap before GC invocations=57 (full 0):
 garbage-first heap   total 218112K, used 196431K [0x0000000080000000, 0x0000000100000000)
  region size 1024K, 72 young (73728K), 6 survivors (6144K)
 Metaspace       used 136367K, committed 138816K, reserved 1179648K
  class space    used 18641K, committed 19840K, reserved 1048576K
}
Event: 34.305 GC heap after
{Heap after GC invocations=58 (full 0):
 garbage-first heap   total 218112K, used 133160K [0x0000000080000000, 0x0000000100000000)
  region size 1024K, 6 young (6144K), 6 survivors (6144K)
 Metaspace       used 136367K, committed 138816K, reserved 1179648K
  class space    used 18641K, committed 19840K, reserved 1048576K
}
Event: 35.010 GC heap before
{Heap before GC invocations=58 (full 0):
 garbage-first heap   total 218112K, used 196648K [0x0000000080000000, 0x0000000100000000)
  region size 1024K, 69 young (70656K), 6 survivors (6144K)
 Metaspace       used 145109K, committed 147520K, reserved 1179648K
  class space    used 19973K, committed 21184K, reserved 1048576K
}
Event: 35.018 GC heap after
{Heap after GC invocations=59 (full 0):
 garbage-first heap   total 218112K, used 134453K [0x0000000080000000, 0x0000000100000000)
  region size 1024K, 3 young (3072K), 3 survivors (3072K)
 Metaspace       used 145109K, committed 147520K, reserved 1179648K
  class space    used 19973K, committed 21184K, reserved 1048576K
}
Event: 35.634 GC heap before
{Heap before GC invocations=59 (full 0):
 garbage-first heap   total 218112K, used 199989K [0x0000000080000000, 0x0000000100000000)
  region size 1024K, 68 young (69632K), 3 survivors (3072K)
 Metaspace       used 150185K, committed 152576K, reserved 1179648K
  class space    used 20705K, committed 21888K, reserved 1048576K
}
Event: 35.639 GC heap after
{Heap after GC invocations=60 (full 0):
 garbage-first heap   total 218112K, used 134954K [0x0000000080000000, 0x0000000100000000)
  region size 1024K, 3 young (3072K), 3 survivors (3072K)
 Metaspace       used 150185K, committed 152576K, reserved 1179648K
  class space    used 20705K, committed 21888K, reserved 1048576K
}
Event: 36.457 GC heap before
{Heap before GC invocations=61 (full 0):
 garbage-first heap   total 225280K, used 202538K [0x0000000080000000, 0x0000000100000000)
  region size 1024K, 70 young (71680K), 3 survivors (3072K)
 Metaspace       used 153086K, committed 155584K, reserved 1245184K
  class space    used 21077K, committed 22336K, reserved 1048576K
}
Event: 36.462 GC heap after
{Heap after GC invocations=62 (full 0):
 garbage-first heap   total 225280K, used 135379K [0x0000000080000000, 0x0000000100000000)
  region size 1024K, 4 young (4096K), 4 survivors (4096K)
 Metaspace       used 153086K, committed 155584K, reserved 1245184K
  class space    used 21077K, committed 22336K, reserved 1048576K
}
Event: 37.218 GC heap before
{Heap before GC invocations=62 (full 0):
 garbage-first heap   total 272384K, used 270547K [0x0000000080000000, 0x0000000100000000)
  region size 1024K, 43 young (44032K), 4 survivors (4096K)
 Metaspace       used 155916K, committed 158400K, reserved 1245184K
  class space    used 21482K, committed 22720K, reserved 1048576K
}
Event: 37.227 GC heap after
{Heap after GC invocations=63 (full 0):
 garbage-first heap   total 280576K, used 136404K [0x0000000080000000, 0x0000000100000000)
  region size 1024K, 6 young (6144K), 6 survivors (6144K)
 Metaspace       used 155916K, committed 158400K, reserved 1245184K
  class space    used 21482K, committed 22720K, reserved 1048576K
}
Event: 44.528 GC heap before
{Heap before GC invocations=63 (full 0):
 garbage-first heap   total 280576K, used 257236K [0x0000000080000000, 0x0000000100000000)
  region size 1024K, 125 young (128000K), 6 survivors (6144K)
 Metaspace       used 162261K, committed 164800K, reserved 1245184K
  class space    used 22041K, committed 23296K, reserved 1048576K
}
Event: 44.540 GC heap after
{Heap after GC invocations=64 (full 0):
 garbage-first heap   total 280576K, used 143712K [0x0000000080000000, 0x0000000100000000)
  region size 1024K, 13 young (13312K), 13 survivors (13312K)
 Metaspace       used 162261K, committed 164800K, reserved 1245184K
  class space    used 22041K, committed 23296K, reserved 1048576K
}
Event: 161.083 GC heap before
{Heap before GC invocations=65 (full 0):
 garbage-first heap   total 280576K, used 251232K [0x0000000080000000, 0x0000000100000000)
  region size 1024K, 118 young (120832K), 13 survivors (13312K)
 Metaspace       used 162842K, committed 165376K, reserved 1245184K
  class space    used 22057K, committed 23360K, reserved 1048576K
}
Event: 161.093 GC heap after
{Heap after GC invocations=66 (full 0):
 garbage-first heap   total 280576K, used 140857K [0x0000000080000000, 0x0000000100000000)
  region size 1024K, 5 young (5120K), 5 survivors (5120K)
 Metaspace       used 162842K, committed 165376K, reserved 1245184K
  class space    used 22057K, committed 23360K, reserved 1048576K
}
Event: 164.569 GC heap before
{Heap before GC invocations=66 (full 0):
 garbage-first heap   total 280576K, used 258617K [0x0000000080000000, 0x0000000100000000)
  region size 1024K, 121 young (123904K), 5 survivors (5120K)
 Metaspace       used 163309K, committed 165888K, reserved 1245184K
  class space    used 22061K, committed 23360K, reserved 1048576K
}
Event: 164.584 GC heap after
{Heap after GC invocations=67 (full 0):
 garbage-first heap   total 280576K, used 150616K [0x0000000080000000, 0x0000000100000000)
  region size 1024K, 16 young (16384K), 16 survivors (16384K)
 Metaspace       used 163309K, committed 165888K, reserved 1245184K
  class space    used 22061K, committed 23360K, reserved 1048576K
}
Event: 164.801 GC heap before
{Heap before GC invocations=67 (full 0):
 garbage-first heap   total 280576K, used 158808K [0x0000000080000000, 0x0000000100000000)
  region size 1024K, 25 young (25600K), 16 survivors (16384K)
 Metaspace       used 163545K, committed 166080K, reserved 1245184K
  class space    used 22085K, committed 23360K, reserved 1048576K
}
Event: 164.813 GC heap after
{Heap after GC invocations=68 (full 0):
 garbage-first heap   total 280576K, used 152299K [0x0000000080000000, 0x0000000100000000)
  region size 1024K, 3 young (3072K), 3 survivors (3072K)
 Metaspace       used 163545K, committed 166080K, reserved 1245184K
  class space    used 22085K, committed 23360K, reserved 1048576K
}

