# JRE version: OpenJDK Runtime Environment (21.0.7) (build 21.0.7+-13880790-b1038.58)
# Java VM: OpenJDK 64-Bit Server VM (21.0.7+-13880790-b1038.58, mixed mode, tiered, compressed oops, compressed class ptrs, g1 gc, windows-amd64)
GC Precious Log:
 CardTable entry size: 512
 Card Set container configuration: InlinePtr #cards 5 size 8 Array Of Cards #cards 12 size 40 Howl #buckets 4 coarsen threshold 1843 Howl Bitmap #cards 512 size 80 coarsen threshold 460 Card regions per heap region 1 cards per card region 2048
 CPUs: 4 total, 4 available
 Memory: 16125M
 Large Page Support: Disabled
 NUMA Support: Disabled
 Compressed Oops: Enabled (32-bit)
 Heap Region Size: 1M
 Heap Min Capacity: 8M
 Heap Initial Capacity: 252M
 Heap Max Capacity: 2G
 Pre-touch: Disabled
 Parallel Workers: 4
 Concurrent Workers: 1
 Concurrent Refinement Workers: 4
 Periodic GC: Disabled
Heap:
 garbage-first heap   total 250880K, used 223114K [0x0000000080000000, 0x0000000100000000)
  region size 1024K, 101 young (103424K), 9 survivors (9216K)
 Metaspace       used 143710K, committed 146112K, reserved 1179648K
  class space    used 19950K, committed 21120K, reserved 1048576K
GC Heap History (20 events):
Event: 13.436 GC heap before
{Heap before GC invocations=44 (full 0):
 garbage-first heap   total 158720K, used 138561K [0x0000000080000000, 0x0000000100000000)
  region size 1024K, 48 young (49152K), 5 survivors (5120K)
 Metaspace       used 111920K, committed 114112K, reserved 1179648K
  class space    used 15491K, committed 16576K, reserved 1048576K
}
Event: 13.442 GC heap after
{Heap after GC invocations=45 (full 0):
 garbage-first heap   total 158720K, used 96752K [0x0000000080000000, 0x0000000100000000)
  region size 1024K, 5 young (5120K), 5 survivors (5120K)
 Metaspace       used 111920K, committed 114112K, reserved 1179648K
  class space    used 15491K, committed 16576K, reserved 1048576K
}
Event: 14.251 GC heap before
{Heap before GC invocations=45 (full 0):
 garbage-first heap   total 158720K, used 142832K [0x0000000080000000, 0x0000000100000000)
  region size 1024K, 50 young (51200K), 5 survivors (5120K)
 Metaspace       used 115742K, committed 117952K, reserved 1179648K
  class space    used 16000K, committed 17088K, reserved 1048576K
}
Event: 14.260 GC heap after
{Heap after GC invocations=46 (full 0):
 garbage-first heap   total 190464K, used 99035K [0x0000000080000000, 0x0000000100000000)
  region size 1024K, 6 young (6144K), 6 survivors (6144K)
 Metaspace       used 115742K, committed 117952K, reserved 1179648K
  class space    used 16000K, committed 17088K, reserved 1048576K
}
Event: 14.955 GC heap before
{Heap before GC invocations=46 (full 0):
 garbage-first heap   total 190464K, used 171739K [0x0000000080000000, 0x0000000100000000)
  region size 1024K, 78 young (79872K), 6 survivors (6144K)
 Metaspace       used 117695K, committed 120000K, reserved 1179648K
  class space    used 16205K, committed 17344K, reserved 1048576K
}
Event: 14.967 GC heap after
{Heap after GC invocations=47 (full 0):
 garbage-first heap   total 190464K, used 109568K [0x0000000080000000, 0x0000000100000000)
  region size 1024K, 10 young (10240K), 10 survivors (10240K)
 Metaspace       used 117695K, committed 120000K, reserved 1179648K
  class space    used 16205K, committed 17344K, reserved 1048576K
}
Event: 15.082 GC heap before
{Heap before GC invocations=47 (full 0):
 garbage-first heap   total 190464K, used 118784K [0x0000000080000000, 0x0000000100000000)
  region size 1024K, 21 young (21504K), 10 survivors (10240K)
 Metaspace       used 118254K, committed 120512K, reserved 1179648K
  class space    used 16251K, committed 17408K, reserved 1048576K
}
Event: 15.092 GC heap after
{Heap after GC invocations=48 (full 0):
 garbage-first heap   total 190464K, used 114114K [0x0000000080000000, 0x0000000100000000)
  region size 1024K, 5 young (5120K), 5 survivors (5120K)
 Metaspace       used 118254K, committed 120512K, reserved 1179648K
  class space    used 16251K, committed 17408K, reserved 1048576K
}
Event: 15.830 GC heap before
{Heap before GC invocations=49 (full 0):
 garbage-first heap   total 199680K, used 172482K [0x0000000080000000, 0x0000000100000000)
  region size 1024K, 58 young (59392K), 5 survivors (5120K)
 Metaspace       used 121517K, committed 123840K, reserved 1179648K
  class space    used 16617K, committed 17792K, reserved 1048576K
}
Event: 15.839 GC heap after
{Heap after GC invocations=50 (full 0):
 garbage-first heap   total 199680K, used 119808K [0x0000000080000000, 0x0000000100000000)
  region size 1024K, 8 young (8192K), 8 survivors (8192K)
 Metaspace       used 121517K, committed 123840K, reserved 1179648K
  class space    used 16617K, committed 17792K, reserved 1048576K
}
Event: 16.284 GC heap before
{Heap before GC invocations=50 (full 0):
 garbage-first heap   total 199680K, used 176128K [0x0000000080000000, 0x0000000100000000)
  region size 1024K, 64 young (65536K), 8 survivors (8192K)
 Metaspace       used 121890K, committed 124224K, reserved 1179648K
  class space    used 16694K, committed 17856K, reserved 1048576K
}
Event: 16.293 GC heap after
{Heap after GC invocations=51 (full 0):
 garbage-first heap   total 199680K, used 122216K [0x0000000080000000, 0x0000000100000000)
  region size 1024K, 6 young (6144K), 6 survivors (6144K)
 Metaspace       used 121890K, committed 124224K, reserved 1179648K
  class space    used 16694K, committed 17856K, reserved 1048576K
}
Event: 16.840 GC heap before
{Heap before GC invocations=51 (full 0):
 garbage-first heap   total 199680K, used 177512K [0x0000000080000000, 0x0000000100000000)
  region size 1024K, 61 young (62464K), 6 survivors (6144K)
 Metaspace       used 122216K, committed 124544K, reserved 1179648K
  class space    used 16738K, committed 17856K, reserved 1048576K
}
Event: 16.845 GC heap after
{Heap after GC invocations=52 (full 0):
 garbage-first heap   total 199680K, used 124230K [0x0000000080000000, 0x0000000100000000)
  region size 1024K, 5 young (5120K), 5 survivors (5120K)
 Metaspace       used 122216K, committed 124544K, reserved 1179648K
  class space    used 16738K, committed 17856K, reserved 1048576K
}
Event: 17.537 GC heap before
{Heap before GC invocations=53 (full 0):
 garbage-first heap   total 208896K, used 178502K [0x0000000080000000, 0x0000000100000000)
  region size 1024K, 59 young (60416K), 5 survivors (5120K)
 Metaspace       used 124369K, committed 126656K, reserved 1179648K
  class space    used 17024K, committed 18176K, reserved 1048576K
}
Event: 17.544 GC heap after
{Heap after GC invocations=54 (full 0):
 garbage-first heap   total 208896K, used 127956K [0x0000000080000000, 0x0000000100000000)
  region size 1024K, 6 young (6144K), 6 survivors (6144K)
 Metaspace       used 124369K, committed 126656K, reserved 1179648K
  class space    used 17024K, committed 18176K, reserved 1048576K
}
Event: 18.118 GC heap before
{Heap before GC invocations=54 (full 0):
 garbage-first heap   total 208896K, used 187348K [0x0000000080000000, 0x0000000100000000)
  region size 1024K, 65 young (66560K), 6 survivors (6144K)
 Metaspace       used 126435K, committed 128832K, reserved 1179648K
  class space    used 17284K, committed 18432K, reserved 1048576K
}
Event: 18.126 GC heap after
{Heap after GC invocations=55 (full 0):
 garbage-first heap   total 250880K, used 128128K [0x0000000080000000, 0x0000000100000000)
  region size 1024K, 6 young (6144K), 6 survivors (6144K)
 Metaspace       used 126435K, committed 128832K, reserved 1179648K
  class space    used 17284K, committed 18432K, reserved 1048576K
}
Event: 22.026 GC heap before
{Heap before GC invocations=55 (full 0):
 garbage-first heap   total 250880K, used 221312K [0x0000000080000000, 0x0000000100000000)
  region size 1024K, 98 young (100352K), 6 survivors (6144K)
 Metaspace       used 134263K, committed 136640K, reserved 1179648K
  class space    used 18461K, committed 19648K, reserved 1048576K
}
Event: 22.034 GC heap after
{Heap after GC invocations=56 (full 0):
 garbage-first heap   total 250880K, used 130954K [0x0000000080000000, 0x0000000100000000)
  region size 1024K, 9 young (9216K), 9 survivors (9216K)
 Metaspace       used 134263K, committed 136640K, reserved 1179648K
  class space    used 18461K, committed 19648K, reserved 1048576K
}

